C:\USERS\MARK\GOOGLE DRIVE\SCHOOL\212\3\4003.573.01 - PROCEDURAL SHADING\BLOOM\BLOOM\DEBUG\MAIN.OBJ
C:\USERS\MARK\GOOGLE DRIVE\SCHOOL\212\3\4003.573.01 - PROCEDURAL SHADING\BLOOM\BLOOM\DEBUG\VC110.PDB
C:\USERS\MARK\GOOGLE DRIVE\SCHOOL\212\3\4003.573.01 - PROCEDURAL SHADING\BLOOM\DEBUG\VC110.PDB
C:\USERS\MARK\GOOGLE DRIVE\SCHOOL\212\3\4003.573.01 - PROCEDURAL SHADING\BLOOM\BLOOM\DEBUG\BLOOM.ILK
C:\USERS\MARK\GOOGLE DRIVE\SCHOOL\212\3\4003.573.01 - PROCEDURAL SHADING\BLOOM\BLOOM\DEBUG\BLOOM.EXE
C:\USERS\MARK\GOOGLE DRIVE\SCHOOL\212\3\4003.573.01 - PROCEDURAL SHADING\BLOOM\BLOOM\DEBUG\BLOOM.PDB
C:\Users\Mark\Google Drive\School\212\3\4003.573.01 - Procedural Shading\Bloom\Debug\Bloom.ilk
C:\Users\Mark\Google Drive\School\212\3\4003.573.01 - Procedural Shading\Bloom\Debug\cl.command.1.tlog
C:\Users\Mark\Google Drive\School\212\3\4003.573.01 - Procedural Shading\Bloom\Debug\CL.read.1.tlog
C:\Users\Mark\Google Drive\School\212\3\4003.573.01 - Procedural Shading\Bloom\Debug\CL.write.1.tlog
C:\Users\Mark\Google Drive\School\212\3\4003.573.01 - Procedural Shading\Bloom\Debug\link-cvtres.read.1.tlog
C:\Users\Mark\Google Drive\School\212\3\4003.573.01 - Procedural Shading\Bloom\Debug\link-cvtres.write.1.tlog
C:\Users\Mark\Google Drive\School\212\3\4003.573.01 - Procedural Shading\Bloom\Debug\link-rc.read.1.tlog
C:\Users\Mark\Google Drive\School\212\3\4003.573.01 - Procedural Shading\Bloom\Debug\link-rc.write.1.tlog
C:\Users\Mark\Google Drive\School\212\3\4003.573.01 - Procedural Shading\Bloom\Debug\link.command.1.tlog
C:\Users\Mark\Google Drive\School\212\3\4003.573.01 - Procedural Shading\Bloom\Debug\link.read.1.tlog
C:\Users\Mark\Google Drive\School\212\3\4003.573.01 - Procedural Shading\Bloom\Debug\link.write.1.tlog
C:\Users\Mark\Google Drive\School\212\3\4003.573.01 - Procedural Shading\Bloom\Debug\vc110.idb
C:\Users\Mark\Google Drive\School\212\3\4003.573.01 - Procedural Shading\Bloom\Debug\Bloom.pdb
C:\Users\Mark\Google Drive\School\212\3\4003.573.01 - Procedural Shading\Bloom\Debug\vc110.pdb
C:\Users\Mark\Google Drive\School\212\3\4003.573.01 - Procedural Shading\Bloom\Debug\Bloom.exe
